Determining if the pthread_create exist failed with the following output:
Change Dir: /home/stoner/vscode_workplace/Object_Tracking_Algorithms/ROS_Tutorial/build/CMakeFiles/CMakeTmp

Run Build Command:"/usr/bin/make" "cmTC_ed3d4/fast"
/usr/bin/make -f CMakeFiles/cmTC_ed3d4.dir/build.make CMakeFiles/cmTC_ed3d4.dir/build
make[1]: Entering directory '/home/stoner/vscode_workplace/Object_Tracking_Algorithms/ROS_Tutorial/build/CMakeFiles/CMakeTmp'
Building C object CMakeFiles/cmTC_ed3d4.dir/CheckSymbolExists.c.o
/usr/bin/cc    -o CMakeFiles/cmTC_ed3d4.dir/CheckSymbolExists.c.o   -c /home/stoner/vscode_workplace/Object_Tracking_Algorithms/ROS_Tutorial/build/CMakeFiles/CMakeTmp/CheckSymbolExists.c
Linking C executable cmTC_ed3d4
/opt/cmake-3.12.2/bin/cmake -E cmake_link_script CMakeFiles/cmTC_ed3d4.dir/link.txt --verbose=1
/usr/bin/cc      -rdynamic CMakeFiles/cmTC_ed3d4.dir/CheckSymbolExists.c.o  -o cmTC_ed3d4 
CMakeFiles/cmTC_ed3d4.dir/CheckSymbolExists.c.o: In function `main':
CheckSymbolExists.c:(.text+0x1b): undefined reference to `pthread_create'
collect2: error: ld returned 1 exit status
CMakeFiles/cmTC_ed3d4.dir/build.make:86: recipe for target 'cmTC_ed3d4' failed
make[1]: *** [cmTC_ed3d4] Error 1
make[1]: Leaving directory '/home/stoner/vscode_workplace/Object_Tracking_Algorithms/ROS_Tutorial/build/CMakeFiles/CMakeTmp'
Makefile:121: recipe for target 'cmTC_ed3d4/fast' failed
make: *** [cmTC_ed3d4/fast] Error 2

File /home/stoner/vscode_workplace/Object_Tracking_Algorithms/ROS_Tutorial/build/CMakeFiles/CMakeTmp/CheckSymbolExists.c:
/* */
#include <pthread.h>

int main(int argc, char** argv)
{
  (void)argv;
#ifndef pthread_create
  return ((int*)(&pthread_create))[argc];
#else
  (void)argc;
  return 0;
#endif
}

Determining if the function pthread_create exists in the pthreads failed with the following output:
Change Dir: /home/stoner/vscode_workplace/Object_Tracking_Algorithms/ROS_Tutorial/build/CMakeFiles/CMakeTmp

Run Build Command:"/usr/bin/make" "cmTC_c7001/fast"
/usr/bin/make -f CMakeFiles/cmTC_c7001.dir/build.make CMakeFiles/cmTC_c7001.dir/build
make[1]: Entering directory '/home/stoner/vscode_workplace/Object_Tracking_Algorithms/ROS_Tutorial/build/CMakeFiles/CMakeTmp'
Building C object CMakeFiles/cmTC_c7001.dir/CheckFunctionExists.c.o
/usr/bin/cc   -DCHECK_FUNCTION_EXISTS=pthread_create   -o CMakeFiles/cmTC_c7001.dir/CheckFunctionExists.c.o   -c /opt/cmake-3.12.2/share/cmake-3.12/Modules/CheckFunctionExists.c
Linking C executable cmTC_c7001
/opt/cmake-3.12.2/bin/cmake -E cmake_link_script CMakeFiles/cmTC_c7001.dir/link.txt --verbose=1
/usr/bin/cc  -DCHECK_FUNCTION_EXISTS=pthread_create    -rdynamic CMakeFiles/cmTC_c7001.dir/CheckFunctionExists.c.o  -o cmTC_c7001 -lpthreads 
/usr/bin/ld: cannot find -lpthreads
collect2: error: ld returned 1 exit status
CMakeFiles/cmTC_c7001.dir/build.make:86: recipe for target 'cmTC_c7001' failed
make[1]: *** [cmTC_c7001] Error 1
make[1]: Leaving directory '/home/stoner/vscode_workplace/Object_Tracking_Algorithms/ROS_Tutorial/build/CMakeFiles/CMakeTmp'
Makefile:121: recipe for target 'cmTC_c7001/fast' failed
make: *** [cmTC_c7001/fast] Error 2


