Determining if the pthread_create exist failed with the following output:
Change Dir: /home/stoner/vscode_workplace/Object_Tracking_Algorithms/ROS_Tutorial/demo3_connection/build/CMakeFiles/CMakeTmp

Run Build Command:"/usr/bin/make" "cmTC_c88d7/fast"
/usr/bin/make -f CMakeFiles/cmTC_c88d7.dir/build.make CMakeFiles/cmTC_c88d7.dir/build
make[1]: 进入目录“/home/stoner/vscode_workplace/Object_Tracking_Algorithms/ROS_Tutorial/demo3_connection/build/CMakeFiles/CMakeTmp”
Building C object CMakeFiles/cmTC_c88d7.dir/CheckSymbolExists.c.o
/usr/bin/cc    -o CMakeFiles/cmTC_c88d7.dir/CheckSymbolExists.c.o   -c /home/stoner/vscode_workplace/Object_Tracking_Algorithms/ROS_Tutorial/demo3_connection/build/CMakeFiles/CMakeTmp/CheckSymbolExists.c
Linking C executable cmTC_c88d7
/opt/cmake-3.12.2/bin/cmake -E cmake_link_script CMakeFiles/cmTC_c88d7.dir/link.txt --verbose=1
/usr/bin/cc      -rdynamic CMakeFiles/cmTC_c88d7.dir/CheckSymbolExists.c.o  -o cmTC_c88d7 
CMakeFiles/cmTC_c88d7.dir/CheckSymbolExists.c.o：在函数‘main’中：
CheckSymbolExists.c:(.text+0x1b)：对‘pthread_create’未定义的引用
collect2: error: ld returned 1 exit status
CMakeFiles/cmTC_c88d7.dir/build.make:86: recipe for target 'cmTC_c88d7' failed
make[1]: *** [cmTC_c88d7] Error 1
make[1]: 离开目录“/home/stoner/vscode_workplace/Object_Tracking_Algorithms/ROS_Tutorial/demo3_connection/build/CMakeFiles/CMakeTmp”
Makefile:121: recipe for target 'cmTC_c88d7/fast' failed
make: *** [cmTC_c88d7/fast] Error 2

File /home/stoner/vscode_workplace/Object_Tracking_Algorithms/ROS_Tutorial/demo3_connection/build/CMakeFiles/CMakeTmp/CheckSymbolExists.c:
/* */
#include <pthread.h>

int main(int argc, char** argv)
{
  (void)argv;
#ifndef pthread_create
  return ((int*)(&pthread_create))[argc];
#else
  (void)argc;
  return 0;
#endif
}

Determining if the function pthread_create exists in the pthreads failed with the following output:
Change Dir: /home/stoner/vscode_workplace/Object_Tracking_Algorithms/ROS_Tutorial/demo3_connection/build/CMakeFiles/CMakeTmp

Run Build Command:"/usr/bin/make" "cmTC_529c8/fast"
/usr/bin/make -f CMakeFiles/cmTC_529c8.dir/build.make CMakeFiles/cmTC_529c8.dir/build
make[1]: 进入目录“/home/stoner/vscode_workplace/Object_Tracking_Algorithms/ROS_Tutorial/demo3_connection/build/CMakeFiles/CMakeTmp”
Building C object CMakeFiles/cmTC_529c8.dir/CheckFunctionExists.c.o
/usr/bin/cc   -DCHECK_FUNCTION_EXISTS=pthread_create   -o CMakeFiles/cmTC_529c8.dir/CheckFunctionExists.c.o   -c /opt/cmake-3.12.2/share/cmake-3.12/Modules/CheckFunctionExists.c
Linking C executable cmTC_529c8
/opt/cmake-3.12.2/bin/cmake -E cmake_link_script CMakeFiles/cmTC_529c8.dir/link.txt --verbose=1
/usr/bin/cc  -DCHECK_FUNCTION_EXISTS=pthread_create    -rdynamic CMakeFiles/cmTC_529c8.dir/CheckFunctionExists.c.o  -o cmTC_529c8 -lpthreads 
/usr/bin/ld: 找不到 -lpthreads
collect2: error: ld returned 1 exit status
CMakeFiles/cmTC_529c8.dir/build.make:86: recipe for target 'cmTC_529c8' failed
make[1]: *** [cmTC_529c8] Error 1
make[1]: 离开目录“/home/stoner/vscode_workplace/Object_Tracking_Algorithms/ROS_Tutorial/demo3_connection/build/CMakeFiles/CMakeTmp”
Makefile:121: recipe for target 'cmTC_529c8/fast' failed
make: *** [cmTC_529c8/fast] Error 2


