[0.355s] DEBUG:colcon:Command line arguments: ['/usr/bin/colcon', 'list', '-p', '--base-paths', '/home/stoner/vscode_workplace/Object_Tracking_Algorithms/ROS_Tutorial']
[0.355s] DEBUG:colcon:Parsed command line arguments: Namespace(base_paths=['/home/stoner/vscode_workplace/Object_Tracking_Algorithms/ROS_Tutorial'], build_base='build', ignore_user_meta=False, log_base=None, log_level=None, main=<bound method ListVerb.main of <colcon_package_information.verb.list.ListVerb object at 0x7f9289c4ce10>>, metas=['./colcon.meta'], names_only=False, packages_above=None, packages_above_and_dependencies=None, packages_above_depth=None, packages_end=None, packages_ignore=None, packages_ignore_regex=None, packages_select=None, packages_select_build_failed=False, packages_select_by_dep=None, packages_select_regex=None, packages_select_test_failures=False, packages_skip=None, packages_skip_build_finished=False, packages_skip_by_dep=None, packages_skip_regex=None, packages_skip_test_passed=False, packages_skip_up_to=None, packages_start=None, packages_up_to=None, packages_up_to_regex=None, paths=None, paths_only=True, topological_graph=False, topological_graph_density=False, topological_graph_dot=False, topological_graph_dot_cluster=False, topological_graph_dot_include_skipped=False, topological_graph_legend=False, topological_order=False, verb_extension=<colcon_package_information.verb.list.ListVerb object at 0x7f9289c4ce10>, verb_name='list', verb_parser=<colcon_defaults.argument_parser.defaults.DefaultArgumentsDecorator object at 0x7f9289c5ce10>)
[1.691s] Level 1:colcon.colcon_core.package_discovery:discover_packages(colcon_meta) check parameters
[1.692s] Level 1:colcon.colcon_core.package_discovery:discover_packages(recursive) check parameters
[1.692s] Level 1:colcon.colcon_core.package_discovery:discover_packages(ignore) check parameters
[1.692s] Level 1:colcon.colcon_core.package_discovery:discover_packages(path) check parameters
[1.692s] Level 1:colcon.colcon_core.package_discovery:discover_packages(recursive) discover
[1.693s] INFO:colcon.colcon_core.package_discovery:Crawling recursively for packages in '/home/stoner/vscode_workplace/Object_Tracking_Algorithms/ROS_Tutorial'
[1.693s] Level 1:colcon.colcon_core.package_identification:_identify(/home/stoner/vscode_workplace/Object_Tracking_Algorithms/ROS_Tutorial) by extensions ['ignore', 'ignore_ament_install']
[1.693s] Level 1:colcon.colcon_core.package_identification:_identify(/home/stoner/vscode_workplace/Object_Tracking_Algorithms/ROS_Tutorial) by extension 'ignore'
[1.693s] Level 1:colcon.colcon_core.package_identification:_identify(/home/stoner/vscode_workplace/Object_Tracking_Algorithms/ROS_Tutorial) by extension 'ignore_ament_install'
[1.693s] Level 1:colcon.colcon_core.package_identification:_identify(/home/stoner/vscode_workplace/Object_Tracking_Algorithms/ROS_Tutorial) by extensions ['colcon_pkg']
[1.694s] Level 1:colcon.colcon_core.package_identification:_identify(/home/stoner/vscode_workplace/Object_Tracking_Algorithms/ROS_Tutorial) by extension 'colcon_pkg'
[1.694s] Level 1:colcon.colcon_core.package_identification:_identify(/home/stoner/vscode_workplace/Object_Tracking_Algorithms/ROS_Tutorial) by extensions ['colcon_meta']
[1.694s] Level 1:colcon.colcon_core.package_identification:_identify(/home/stoner/vscode_workplace/Object_Tracking_Algorithms/ROS_Tutorial) by extension 'colcon_meta'
[1.694s] Level 1:colcon.colcon_core.package_identification:_identify(/home/stoner/vscode_workplace/Object_Tracking_Algorithms/ROS_Tutorial) by extensions ['ros']
[1.694s] Level 1:colcon.colcon_core.package_identification:_identify(/home/stoner/vscode_workplace/Object_Tracking_Algorithms/ROS_Tutorial) by extension 'ros'
[1.747s] Level 1:colcon.colcon_core.package_identification:_identify(/home/stoner/vscode_workplace/Object_Tracking_Algorithms/ROS_Tutorial) by extensions ['cmake', 'python']
[1.747s] Level 1:colcon.colcon_core.package_identification:_identify(/home/stoner/vscode_workplace/Object_Tracking_Algorithms/ROS_Tutorial) by extension 'cmake'
[1.747s] Level 1:colcon.colcon_core.package_identification:_identify(/home/stoner/vscode_workplace/Object_Tracking_Algorithms/ROS_Tutorial) by extension 'python'
[1.747s] Level 1:colcon.colcon_core.package_identification:_identify(/home/stoner/vscode_workplace/Object_Tracking_Algorithms/ROS_Tutorial) by extensions ['python_setup_py']
[1.747s] Level 1:colcon.colcon_core.package_identification:_identify(/home/stoner/vscode_workplace/Object_Tracking_Algorithms/ROS_Tutorial) by extension 'python_setup_py'
[1.748s] Level 1:colcon.colcon_core.package_identification:_identify(/home/stoner/vscode_workplace/Object_Tracking_Algorithms/ROS_Tutorial/demo1) by extensions ['ignore', 'ignore_ament_install']
[1.748s] Level 1:colcon.colcon_core.package_identification:_identify(/home/stoner/vscode_workplace/Object_Tracking_Algorithms/ROS_Tutorial/demo1) by extension 'ignore'
[1.748s] Level 1:colcon.colcon_core.package_identification:_identify(/home/stoner/vscode_workplace/Object_Tracking_Algorithms/ROS_Tutorial/demo1) by extension 'ignore_ament_install'
[1.748s] Level 1:colcon.colcon_core.package_identification:_identify(/home/stoner/vscode_workplace/Object_Tracking_Algorithms/ROS_Tutorial/demo1) by extensions ['colcon_pkg']
[1.748s] Level 1:colcon.colcon_core.package_identification:_identify(/home/stoner/vscode_workplace/Object_Tracking_Algorithms/ROS_Tutorial/demo1) by extension 'colcon_pkg'
[1.748s] Level 1:colcon.colcon_core.package_identification:_identify(/home/stoner/vscode_workplace/Object_Tracking_Algorithms/ROS_Tutorial/demo1) by extensions ['colcon_meta']
[1.748s] Level 1:colcon.colcon_core.package_identification:_identify(/home/stoner/vscode_workplace/Object_Tracking_Algorithms/ROS_Tutorial/demo1) by extension 'colcon_meta'
[1.749s] Level 1:colcon.colcon_core.package_identification:_identify(/home/stoner/vscode_workplace/Object_Tracking_Algorithms/ROS_Tutorial/demo1) by extensions ['ros']
[1.749s] Level 1:colcon.colcon_core.package_identification:_identify(/home/stoner/vscode_workplace/Object_Tracking_Algorithms/ROS_Tutorial/demo1) by extension 'ros'
[1.749s] Level 1:colcon.colcon_core.package_identification:_identify(/home/stoner/vscode_workplace/Object_Tracking_Algorithms/ROS_Tutorial/demo1) by extensions ['cmake', 'python']
[1.749s] Level 1:colcon.colcon_core.package_identification:_identify(/home/stoner/vscode_workplace/Object_Tracking_Algorithms/ROS_Tutorial/demo1) by extension 'cmake'
[1.749s] Level 1:colcon.colcon_core.package_identification:_identify(/home/stoner/vscode_workplace/Object_Tracking_Algorithms/ROS_Tutorial/demo1) by extension 'python'
[1.749s] Level 1:colcon.colcon_core.package_identification:_identify(/home/stoner/vscode_workplace/Object_Tracking_Algorithms/ROS_Tutorial/demo1) by extensions ['python_setup_py']
[1.749s] Level 1:colcon.colcon_core.package_identification:_identify(/home/stoner/vscode_workplace/Object_Tracking_Algorithms/ROS_Tutorial/demo1) by extension 'python_setup_py'
[1.750s] Level 1:colcon.colcon_core.package_identification:_identify(/home/stoner/vscode_workplace/Object_Tracking_Algorithms/ROS_Tutorial/demo1/build) by extensions ['ignore', 'ignore_ament_install']
[1.750s] Level 1:colcon.colcon_core.package_identification:_identify(/home/stoner/vscode_workplace/Object_Tracking_Algorithms/ROS_Tutorial/demo1/build) by extension 'ignore'
[1.750s] Level 1:colcon.colcon_core.package_identification:_identify(/home/stoner/vscode_workplace/Object_Tracking_Algorithms/ROS_Tutorial/demo1/build) by extension 'ignore_ament_install'
[1.750s] Level 1:colcon.colcon_core.package_identification:_identify(/home/stoner/vscode_workplace/Object_Tracking_Algorithms/ROS_Tutorial/demo1/build) by extensions ['colcon_pkg']
[1.750s] Level 1:colcon.colcon_core.package_identification:_identify(/home/stoner/vscode_workplace/Object_Tracking_Algorithms/ROS_Tutorial/demo1/build) by extension 'colcon_pkg'
[1.750s] Level 1:colcon.colcon_core.package_identification:_identify(/home/stoner/vscode_workplace/Object_Tracking_Algorithms/ROS_Tutorial/demo1/build) by extensions ['colcon_meta']
[1.750s] Level 1:colcon.colcon_core.package_identification:_identify(/home/stoner/vscode_workplace/Object_Tracking_Algorithms/ROS_Tutorial/demo1/build) by extension 'colcon_meta'
[1.750s] Level 1:colcon.colcon_core.package_identification:_identify(/home/stoner/vscode_workplace/Object_Tracking_Algorithms/ROS_Tutorial/demo1/build) by extensions ['ros']
[1.751s] Level 1:colcon.colcon_core.package_identification:_identify(/home/stoner/vscode_workplace/Object_Tracking_Algorithms/ROS_Tutorial/demo1/build) by extension 'ros'
[1.751s] Level 1:colcon.colcon_core.package_identification:_identify(/home/stoner/vscode_workplace/Object_Tracking_Algorithms/ROS_Tutorial/demo1/build) ignored
[1.752s] Level 1:colcon.colcon_core.package_identification:_identify(/home/stoner/vscode_workplace/Object_Tracking_Algorithms/ROS_Tutorial/demo1/devel) by extensions ['ignore', 'ignore_ament_install']
[1.752s] Level 1:colcon.colcon_core.package_identification:_identify(/home/stoner/vscode_workplace/Object_Tracking_Algorithms/ROS_Tutorial/demo1/devel) by extension 'ignore'
[1.752s] Level 1:colcon.colcon_core.package_identification:_identify(/home/stoner/vscode_workplace/Object_Tracking_Algorithms/ROS_Tutorial/demo1/devel) by extension 'ignore_ament_install'
[1.752s] Level 1:colcon.colcon_core.package_identification:_identify(/home/stoner/vscode_workplace/Object_Tracking_Algorithms/ROS_Tutorial/demo1/devel) ignored
[1.752s] Level 1:colcon.colcon_core.package_identification:_identify(/home/stoner/vscode_workplace/Object_Tracking_Algorithms/ROS_Tutorial/demo1/src) by extensions ['ignore', 'ignore_ament_install']
[1.752s] Level 1:colcon.colcon_core.package_identification:_identify(/home/stoner/vscode_workplace/Object_Tracking_Algorithms/ROS_Tutorial/demo1/src) by extension 'ignore'
[1.753s] Level 1:colcon.colcon_core.package_identification:_identify(/home/stoner/vscode_workplace/Object_Tracking_Algorithms/ROS_Tutorial/demo1/src) by extension 'ignore_ament_install'
[1.753s] Level 1:colcon.colcon_core.package_identification:_identify(/home/stoner/vscode_workplace/Object_Tracking_Algorithms/ROS_Tutorial/demo1/src) by extensions ['colcon_pkg']
[1.753s] Level 1:colcon.colcon_core.package_identification:_identify(/home/stoner/vscode_workplace/Object_Tracking_Algorithms/ROS_Tutorial/demo1/src) by extension 'colcon_pkg'
[1.753s] Level 1:colcon.colcon_core.package_identification:_identify(/home/stoner/vscode_workplace/Object_Tracking_Algorithms/ROS_Tutorial/demo1/src) by extensions ['colcon_meta']
[1.753s] Level 1:colcon.colcon_core.package_identification:_identify(/home/stoner/vscode_workplace/Object_Tracking_Algorithms/ROS_Tutorial/demo1/src) by extension 'colcon_meta'
[1.753s] Level 1:colcon.colcon_core.package_identification:_identify(/home/stoner/vscode_workplace/Object_Tracking_Algorithms/ROS_Tutorial/demo1/src) by extensions ['ros']
[1.753s] Level 1:colcon.colcon_core.package_identification:_identify(/home/stoner/vscode_workplace/Object_Tracking_Algorithms/ROS_Tutorial/demo1/src) by extension 'ros'
[1.753s] Level 1:colcon.colcon_core.package_identification:_identify(/home/stoner/vscode_workplace/Object_Tracking_Algorithms/ROS_Tutorial/demo1/src) by extensions ['cmake', 'python']
[1.753s] Level 1:colcon.colcon_core.package_identification:_identify(/home/stoner/vscode_workplace/Object_Tracking_Algorithms/ROS_Tutorial/demo1/src) by extension 'cmake'
[1.756s] Level 1:colcon.colcon_core.package_identification:_identify(/home/stoner/vscode_workplace/Object_Tracking_Algorithms/ROS_Tutorial/demo1/src) by extension 'python'
[1.757s] DEBUG:colcon.colcon_core.package_identification:Package '/home/stoner/vscode_workplace/Object_Tracking_Algorithms/ROS_Tutorial/demo1/src' with type 'cmake' and name 'Project'
[1.757s] Level 1:colcon.colcon_core.package_identification:_identify(/home/stoner/vscode_workplace/Object_Tracking_Algorithms/ROS_Tutorial/demo2) by extensions ['ignore', 'ignore_ament_install']
[1.757s] Level 1:colcon.colcon_core.package_identification:_identify(/home/stoner/vscode_workplace/Object_Tracking_Algorithms/ROS_Tutorial/demo2) by extension 'ignore'
[1.757s] Level 1:colcon.colcon_core.package_identification:_identify(/home/stoner/vscode_workplace/Object_Tracking_Algorithms/ROS_Tutorial/demo2) by extension 'ignore_ament_install'
[1.757s] Level 1:colcon.colcon_core.package_identification:_identify(/home/stoner/vscode_workplace/Object_Tracking_Algorithms/ROS_Tutorial/demo2) by extensions ['colcon_pkg']
[1.757s] Level 1:colcon.colcon_core.package_identification:_identify(/home/stoner/vscode_workplace/Object_Tracking_Algorithms/ROS_Tutorial/demo2) by extension 'colcon_pkg'
[1.757s] Level 1:colcon.colcon_core.package_identification:_identify(/home/stoner/vscode_workplace/Object_Tracking_Algorithms/ROS_Tutorial/demo2) by extensions ['colcon_meta']
[1.757s] Level 1:colcon.colcon_core.package_identification:_identify(/home/stoner/vscode_workplace/Object_Tracking_Algorithms/ROS_Tutorial/demo2) by extension 'colcon_meta'
[1.757s] Level 1:colcon.colcon_core.package_identification:_identify(/home/stoner/vscode_workplace/Object_Tracking_Algorithms/ROS_Tutorial/demo2) by extensions ['ros']
[1.757s] Level 1:colcon.colcon_core.package_identification:_identify(/home/stoner/vscode_workplace/Object_Tracking_Algorithms/ROS_Tutorial/demo2) by extension 'ros'
[1.758s] Level 1:colcon.colcon_core.package_identification:_identify(/home/stoner/vscode_workplace/Object_Tracking_Algorithms/ROS_Tutorial/demo2) by extensions ['cmake', 'python']
[1.758s] Level 1:colcon.colcon_core.package_identification:_identify(/home/stoner/vscode_workplace/Object_Tracking_Algorithms/ROS_Tutorial/demo2) by extension 'cmake'
[1.758s] Level 1:colcon.colcon_core.package_identification:_identify(/home/stoner/vscode_workplace/Object_Tracking_Algorithms/ROS_Tutorial/demo2) by extension 'python'
[1.758s] Level 1:colcon.colcon_core.package_identification:_identify(/home/stoner/vscode_workplace/Object_Tracking_Algorithms/ROS_Tutorial/demo2) by extensions ['python_setup_py']
[1.758s] Level 1:colcon.colcon_core.package_identification:_identify(/home/stoner/vscode_workplace/Object_Tracking_Algorithms/ROS_Tutorial/demo2) by extension 'python_setup_py'
[1.758s] Level 1:colcon.colcon_core.package_identification:_identify(/home/stoner/vscode_workplace/Object_Tracking_Algorithms/ROS_Tutorial/demo2/build) by extensions ['ignore', 'ignore_ament_install']
[1.758s] Level 1:colcon.colcon_core.package_identification:_identify(/home/stoner/vscode_workplace/Object_Tracking_Algorithms/ROS_Tutorial/demo2/build) by extension 'ignore'
[1.758s] Level 1:colcon.colcon_core.package_identification:_identify(/home/stoner/vscode_workplace/Object_Tracking_Algorithms/ROS_Tutorial/demo2/build) by extension 'ignore_ament_install'
[1.758s] Level 1:colcon.colcon_core.package_identification:_identify(/home/stoner/vscode_workplace/Object_Tracking_Algorithms/ROS_Tutorial/demo2/build) by extensions ['colcon_pkg']
[1.758s] Level 1:colcon.colcon_core.package_identification:_identify(/home/stoner/vscode_workplace/Object_Tracking_Algorithms/ROS_Tutorial/demo2/build) by extension 'colcon_pkg'
[1.759s] Level 1:colcon.colcon_core.package_identification:_identify(/home/stoner/vscode_workplace/Object_Tracking_Algorithms/ROS_Tutorial/demo2/build) by extensions ['colcon_meta']
[1.759s] Level 1:colcon.colcon_core.package_identification:_identify(/home/stoner/vscode_workplace/Object_Tracking_Algorithms/ROS_Tutorial/demo2/build) by extension 'colcon_meta'
[1.759s] Level 1:colcon.colcon_core.package_identification:_identify(/home/stoner/vscode_workplace/Object_Tracking_Algorithms/ROS_Tutorial/demo2/build) by extensions ['ros']
[1.759s] Level 1:colcon.colcon_core.package_identification:_identify(/home/stoner/vscode_workplace/Object_Tracking_Algorithms/ROS_Tutorial/demo2/build) by extension 'ros'
[1.759s] Level 1:colcon.colcon_core.package_identification:_identify(/home/stoner/vscode_workplace/Object_Tracking_Algorithms/ROS_Tutorial/demo2/build) ignored
[1.759s] Level 1:colcon.colcon_core.package_identification:_identify(/home/stoner/vscode_workplace/Object_Tracking_Algorithms/ROS_Tutorial/demo2/devel) by extensions ['ignore', 'ignore_ament_install']
[1.759s] Level 1:colcon.colcon_core.package_identification:_identify(/home/stoner/vscode_workplace/Object_Tracking_Algorithms/ROS_Tutorial/demo2/devel) by extension 'ignore'
[1.759s] Level 1:colcon.colcon_core.package_identification:_identify(/home/stoner/vscode_workplace/Object_Tracking_Algorithms/ROS_Tutorial/demo2/devel) by extension 'ignore_ament_install'
[1.759s] Level 1:colcon.colcon_core.package_identification:_identify(/home/stoner/vscode_workplace/Object_Tracking_Algorithms/ROS_Tutorial/demo2/devel) ignored
[1.759s] Level 1:colcon.colcon_core.package_identification:_identify(/home/stoner/vscode_workplace/Object_Tracking_Algorithms/ROS_Tutorial/demo2/src) by extensions ['ignore', 'ignore_ament_install']
[1.760s] Level 1:colcon.colcon_core.package_identification:_identify(/home/stoner/vscode_workplace/Object_Tracking_Algorithms/ROS_Tutorial/demo2/src) by extension 'ignore'
[1.760s] Level 1:colcon.colcon_core.package_identification:_identify(/home/stoner/vscode_workplace/Object_Tracking_Algorithms/ROS_Tutorial/demo2/src) by extension 'ignore_ament_install'
[1.760s] Level 1:colcon.colcon_core.package_identification:_identify(/home/stoner/vscode_workplace/Object_Tracking_Algorithms/ROS_Tutorial/demo2/src) by extensions ['colcon_pkg']
[1.760s] Level 1:colcon.colcon_core.package_identification:_identify(/home/stoner/vscode_workplace/Object_Tracking_Algorithms/ROS_Tutorial/demo2/src) by extension 'colcon_pkg'
[1.760s] Level 1:colcon.colcon_core.package_identification:_identify(/home/stoner/vscode_workplace/Object_Tracking_Algorithms/ROS_Tutorial/demo2/src) by extensions ['colcon_meta']
[1.760s] Level 1:colcon.colcon_core.package_identification:_identify(/home/stoner/vscode_workplace/Object_Tracking_Algorithms/ROS_Tutorial/demo2/src) by extension 'colcon_meta'
[1.760s] Level 1:colcon.colcon_core.package_identification:_identify(/home/stoner/vscode_workplace/Object_Tracking_Algorithms/ROS_Tutorial/demo2/src) by extensions ['ros']
[1.760s] Level 1:colcon.colcon_core.package_identification:_identify(/home/stoner/vscode_workplace/Object_Tracking_Algorithms/ROS_Tutorial/demo2/src) by extension 'ros'
[1.760s] Level 1:colcon.colcon_core.package_identification:_identify(/home/stoner/vscode_workplace/Object_Tracking_Algorithms/ROS_Tutorial/demo2/src) by extensions ['cmake', 'python']
[1.760s] Level 1:colcon.colcon_core.package_identification:_identify(/home/stoner/vscode_workplace/Object_Tracking_Algorithms/ROS_Tutorial/demo2/src) by extension 'cmake'
[1.761s] Level 1:colcon.colcon_core.package_identification:_identify(/home/stoner/vscode_workplace/Object_Tracking_Algorithms/ROS_Tutorial/demo2/src) by extension 'python'
[1.761s] DEBUG:colcon.colcon_core.package_identification:Package '/home/stoner/vscode_workplace/Object_Tracking_Algorithms/ROS_Tutorial/demo2/src' with type 'cmake' and name 'Project'
[1.761s] Level 1:colcon.colcon_core.package_identification:_identify(/home/stoner/vscode_workplace/Object_Tracking_Algorithms/ROS_Tutorial/log) by extensions ['ignore', 'ignore_ament_install']
[1.762s] Level 1:colcon.colcon_core.package_identification:_identify(/home/stoner/vscode_workplace/Object_Tracking_Algorithms/ROS_Tutorial/log) by extension 'ignore'
[1.762s] Level 1:colcon.colcon_core.package_identification:_identify(/home/stoner/vscode_workplace/Object_Tracking_Algorithms/ROS_Tutorial/log) ignored
[1.762s] Level 1:colcon.colcon_core.package_discovery:discover_packages(recursive) using defaults
